<?xml version="1.0" encoding="UTF-8"?>
<!-- Generated by org.testng.reporters.JUnitReportReporter -->
<testsuite hostname="pavi" failures="0" tests="1" name="practice.DemoTest" time="0.080" errors="0" timestamp="2022-09-08T19:00:56 IST" skipped="0">
  <testcase classname="practice.DemoTest" name="demo" time="0.080"/>
  <system-out/>
</testsuite> <!-- practice.DemoTest -->
