<?xml version="1.0" encoding="UTF-8"?>
<!-- Generated by org.testng.reporters.JUnitReportReporter -->
<testsuite hostname="pavi" failures="0" tests="1" name="practice.ReadDataFromCmdLineTest" time="0.017" errors="0" timestamp="2022-09-09T11:46:25 IST" skipped="0">
  <testcase classname="practice.ReadDataFromCmdLineTest" name="readData" time="0.017"/>
  <system-out/>
</testsuite> <!-- practice.ReadDataFromCmdLineTest -->
